AAUKF: Missing 'Adj Close' column
AAGIY: Missing 'Adj Close' column
AAXT: Missing 'Adj Close' column
AAON: Missing 'Adj Close' column
AAQL: Missing 'Adj Close' column
AACAY: Missing 'Adj Close' column
AAPR: Missing 'Adj Close' column
AAP: Missing 'Adj Close' column
AAGR: Missing 'Adj Close' column
ABBNY: Missing 'Adj Close' column
AAMAF: Missing 'Adj Close' column
AABB: Missing 'Adj Close' column
AACG: Missing 'Adj Close' column
ABCCF: Missing 'Adj Close' column
AAMMF: Missing 'Adj Close' column
AAPY: Missing 'Adj Close' column
ABCZF: Missing 'Adj Close' column
AAHIF: Missing 'Adj Close' column
ABBV: Missing 'Adj Close' column
AAPX: Missing 'Adj Close' column
AAGH: Missing 'Adj Close' column
AAVVF: Missing 'Adj Close' column
AAIGF: Missing 'Adj Close' column
AAL: Missing 'Adj Close' column
AAGRW: Duplicate entry (UNIQUE constraint)
AAGRW: Duplicate entry (UNIQUE constraint)
AAGRW: Duplicate entry (UNIQUE constraint)
AAGRW: Duplicate entry (UNIQUE constraint)
AAGRW: Duplicate entry (UNIQUE constraint)
AAGRW: Duplicate entry (UNIQUE constraint)
AAGRW: Duplicate entry (UNIQUE constraint)
AAGRW: Duplicate entry (UNIQUE constraint)
AAGRW: Duplicate entry (UNIQUE constraint)
AAGRW: Duplicate entry (UNIQUE constraint)
AAGRW: Duplicate entry (UNIQUE constraint)
AAGRW: Duplicate entry (UNIQUE constraint)
AAGRW: Duplicate entry (UNIQUE constraint)
AAGRW: Duplicate entry (UNIQUE constraint)
AAGRW: Duplicate entry (UNIQUE constraint)
AAGRW: Duplicate entry (UNIQUE constraint)
AAGRW: Duplicate entry (UNIQUE constraint)
AAGRW: Duplicate entry (UNIQUE constraint)
AAGRW: Duplicate entry (UNIQUE constraint)
AAGRW: Duplicate entry (UNIQUE constraint)
AABVF: Missing 'Adj Close' column
AARTY: Missing 'Adj Close' column
AAWH: Missing 'Adj Close' column
ABCP: Missing 'Adj Close' column
AAUAF: Missing 'Adj Close' column
AB: Missing 'Adj Close' column
AAFRF: Missing 'Adj Close' column
AAGRY: Missing 'Adj Close' column
ABBY: Missing 'Adj Close' column
ABCE: Missing 'Adj Close' column
AASCF: Duplicate entry (UNIQUE constraint)
AASCF: Duplicate entry (UNIQUE constraint)
AASCF: Duplicate entry (UNIQUE constraint)
AASCF: Duplicate entry (UNIQUE constraint)
AASCF: Duplicate entry (UNIQUE constraint)
AASCF: Duplicate entry (UNIQUE constraint)
AASCF: Duplicate entry (UNIQUE constraint)
AASCF: Duplicate entry (UNIQUE constraint)
AASCF: Duplicate entry (UNIQUE constraint)
AASCF: Duplicate entry (UNIQUE constraint)
AASCF: Duplicate entry (UNIQUE constraint)
AASCF: Duplicate entry (UNIQUE constraint)
AASCF: Duplicate entry (UNIQUE constraint)
AASCF: Duplicate entry (UNIQUE constraint)
AASCF: Duplicate entry (UNIQUE constraint)
AASCF: Duplicate entry (UNIQUE constraint)
AASCF: Duplicate entry (UNIQUE constraint)
AASCF: Duplicate entry (UNIQUE constraint)
AASCF: Duplicate entry (UNIQUE constraint)
AASCF: Duplicate entry (UNIQUE constraint)
AACAF: Missing 'Adj Close' column
ABCFF: Missing 'Adj Close' column
ABBAF: Duplicate entry (UNIQUE constraint)
ABBAF: Duplicate entry (UNIQUE constraint)
ABBAF: Duplicate entry (UNIQUE constraint)
ABBAF: Duplicate entry (UNIQUE constraint)
ABBAF: Duplicate entry (UNIQUE constraint)
ABBAF: Duplicate entry (UNIQUE constraint)
ABBAF: Duplicate entry (UNIQUE constraint)
ABBAF: Duplicate entry (UNIQUE constraint)
ABBAF: Duplicate entry (UNIQUE constraint)
ABBAF: Duplicate entry (UNIQUE constraint)
ABBAF: Duplicate entry (UNIQUE constraint)
ABBAF: Duplicate entry (UNIQUE constraint)
ABBAF: Duplicate entry (UNIQUE constraint)
ABBAF: Duplicate entry (UNIQUE constraint)
ABBAF: Duplicate entry (UNIQUE constraint)
ABBAF: Duplicate entry (UNIQUE constraint)
ABBAF: Duplicate entry (UNIQUE constraint)
ABBAF: Duplicate entry (UNIQUE constraint)
ABBAF: Duplicate entry (UNIQUE constraint)
ABBAF: Duplicate entry (UNIQUE constraint)
AAMTF: Missing 'Adj Close' column
AAYYY: Missing 'Adj Close' column
AAM.U: Duplicate entry (UNIQUE constraint)
AAM.U: Duplicate entry (UNIQUE constraint)
AAM.U: Duplicate entry (UNIQUE constraint)
AAM.U: Duplicate entry (UNIQUE constraint)
AAM.U: Duplicate entry (UNIQUE constraint)
AAM.U: Duplicate entry (UNIQUE constraint)
AAM.U: Duplicate entry (UNIQUE constraint)
AAM.U: Duplicate entry (UNIQUE constraint)
AAM.U: Duplicate entry (UNIQUE constraint)
AAM.U: Duplicate entry (UNIQUE constraint)
AAM.U: Duplicate entry (UNIQUE constraint)
AAM.U: Duplicate entry (UNIQUE constraint)
AAM.U: Duplicate entry (UNIQUE constraint)
AAM.U: Duplicate entry (UNIQUE constraint)
AAM.U: Duplicate entry (UNIQUE constraint)
AAM.U: Duplicate entry (UNIQUE constraint)
AAM.U: Duplicate entry (UNIQUE constraint)
AAM.U: Duplicate entry (UNIQUE constraint)
AAM.U: Duplicate entry (UNIQUE constraint)
AAM.U: Duplicate entry (UNIQUE constraint)
AAPD: Missing 'Adj Close' column
ABDDF: Missing 'Adj Close' column
AACT.WS: Duplicate entry (UNIQUE constraint)
AACT.WS: Duplicate entry (UNIQUE constraint)
AACT.WS: Duplicate entry (UNIQUE constraint)
AACT.WS: Duplicate entry (UNIQUE constraint)
AACT.WS: Duplicate entry (UNIQUE constraint)
AACT.WS: Duplicate entry (UNIQUE constraint)
AACT.WS: Duplicate entry (UNIQUE constraint)
AACT.WS: Duplicate entry (UNIQUE constraint)
AACT.WS: Duplicate entry (UNIQUE constraint)
AACT.WS: Duplicate entry (UNIQUE constraint)
AACT.WS: Duplicate entry (UNIQUE constraint)
AACT.WS: Duplicate entry (UNIQUE constraint)
AACT.WS: Duplicate entry (UNIQUE constraint)
AACT.WS: Duplicate entry (UNIQUE constraint)
AACT.WS: Duplicate entry (UNIQUE constraint)
AACT.WS: Duplicate entry (UNIQUE constraint)
AACT.WS: Duplicate entry (UNIQUE constraint)
AACT.WS: Duplicate entry (UNIQUE constraint)
AACT.WS: Duplicate entry (UNIQUE constraint)
AACT.WS: Duplicate entry (UNIQUE constraint)
AAME: Missing 'Adj Close' column
ABASF: Duplicate entry (UNIQUE constraint)
ABASF: Duplicate entry (UNIQUE constraint)
ABASF: Duplicate entry (UNIQUE constraint)
ABASF: Duplicate entry (UNIQUE constraint)
ABASF: Duplicate entry (UNIQUE constraint)
ABASF: Duplicate entry (UNIQUE constraint)
ABASF: Duplicate entry (UNIQUE constraint)
ABASF: Duplicate entry (UNIQUE constraint)
ABASF: Duplicate entry (UNIQUE constraint)
ABASF: Duplicate entry (UNIQUE constraint)
ABASF: Duplicate entry (UNIQUE constraint)
ABASF: Duplicate entry (UNIQUE constraint)
ABASF: Duplicate entry (UNIQUE constraint)
ABASF: Duplicate entry (UNIQUE constraint)
ABASF: Duplicate entry (UNIQUE constraint)
ABASF: Duplicate entry (UNIQUE constraint)
ABASF: Duplicate entry (UNIQUE constraint)
ABASF: Duplicate entry (UNIQUE constraint)
ABASF: Duplicate entry (UNIQUE constraint)
ABASF: Duplicate entry (UNIQUE constraint)
AACS: Missing 'Adj Close' column
AACTF: Missing 'Adj Close' column
AAOI: Missing 'Adj Close' column
A: Missing 'Adj Close' column
ABCGF: Missing 'Adj Close' column
AAPJ: Missing 'Adj Close' column
ABCS: Missing 'Adj Close' column
ABAKF: Missing 'Adj Close' column
ABBRF: Missing 'Adj Close' column
ABANF: Missing 'Adj Close' column
ABCL: Missing 'Adj Close' column
AABKF: Missing 'Adj Close' column
ABCB: Missing 'Adj Close' column
ABEO: Missing 'Adj Close' column
AANNF: Missing 'Adj Close' column
AAAU: Missing 'Adj Close' column
AAM: Missing 'Adj Close' column
AAMI: Missing 'Adj Close' column
ABBB: Missing 'Adj Close' column
AAIIQ: Missing 'Adj Close' column
AAGFF: Missing 'Adj Close' column
AASZF: Missing 'Adj Close' column
AAUGF: Missing 'Adj Close' column
AALBF: Missing 'Adj Close' column
AASP: Missing 'Adj Close' column
AAXJ: Missing 'Adj Close' column
ABDBY: Missing 'Adj Close' column
AATC: Missing 'Adj Close' column
ABAT: Missing 'Adj Close' column
AAT: Missing 'Adj Close' column
AATV: Missing 'Adj Close' column
AAUCF: Missing 'Adj Close' column
AAM.WS: Duplicate entry (UNIQUE constraint)
AAM.WS: Duplicate entry (UNIQUE constraint)
AAM.WS: Duplicate entry (UNIQUE constraint)
AAM.WS: Duplicate entry (UNIQUE constraint)
AAM.WS: Duplicate entry (UNIQUE constraint)
AAM.WS: Duplicate entry (UNIQUE constraint)
AAM.WS: Duplicate entry (UNIQUE constraint)
AAM.WS: Duplicate entry (UNIQUE constraint)
AAM.WS: Duplicate entry (UNIQUE constraint)
AAM.WS: Duplicate entry (UNIQUE constraint)
AAM.WS: Duplicate entry (UNIQUE constraint)
AAM.WS: Duplicate entry (UNIQUE constraint)
AAM.WS: Duplicate entry (UNIQUE constraint)
AAM.WS: Duplicate entry (UNIQUE constraint)
AAM.WS: Duplicate entry (UNIQUE constraint)
AAM.WS: Duplicate entry (UNIQUE constraint)
AAM.WS: Duplicate entry (UNIQUE constraint)
AAM.WS: Duplicate entry (UNIQUE constraint)
AAM.WS: Duplicate entry (UNIQUE constraint)
AAM.WS: Duplicate entry (UNIQUE constraint)
AAVMY: Missing 'Adj Close' column
AAPI: Missing 'Adj Close' column
AAA: Missing 'Adj Close' column
AADI: Missing 'Adj Close' column
AA: Missing 'Adj Close' column
AAMCF: Missing 'Adj Close' column
AAPU: Missing 'Adj Close' column
AAPT: Missing 'Adj Close' column
AACT.U: Duplicate entry (UNIQUE constraint)
AACT.U: Duplicate entry (UNIQUE constraint)
AACT.U: Duplicate entry (UNIQUE constraint)
AACT.U: Duplicate entry (UNIQUE constraint)
AACT.U: Duplicate entry (UNIQUE constraint)
AACT.U: Duplicate entry (UNIQUE constraint)
AACT.U: Duplicate entry (UNIQUE constraint)
AACT.U: Duplicate entry (UNIQUE constraint)
AACT.U: Duplicate entry (UNIQUE constraint)
AACT.U: Duplicate entry (UNIQUE constraint)
AACT.U: Duplicate entry (UNIQUE constraint)
AACT.U: Duplicate entry (UNIQUE constraint)
AACT.U: Duplicate entry (UNIQUE constraint)
AACT.U: Duplicate entry (UNIQUE constraint)
AACT.U: Duplicate entry (UNIQUE constraint)
AACT.U: Duplicate entry (UNIQUE constraint)
AACT.U: Duplicate entry (UNIQUE constraint)
AACT.U: Duplicate entry (UNIQUE constraint)
AACT.U: Duplicate entry (UNIQUE constraint)
AACT.U: Duplicate entry (UNIQUE constraint)
AATGF: Missing 'Adj Close' column
AACT: Missing 'Adj Close' column
AASLF: Duplicate entry (UNIQUE constraint)
AASLF: Duplicate entry (UNIQUE constraint)
AASLF: Duplicate entry (UNIQUE constraint)
AASLF: Duplicate entry (UNIQUE constraint)
AASLF: Duplicate entry (UNIQUE constraint)
AASLF: Duplicate entry (UNIQUE constraint)
AASLF: Duplicate entry (UNIQUE constraint)
AASLF: Duplicate entry (UNIQUE constraint)
AASLF: Duplicate entry (UNIQUE constraint)
AASLF: Duplicate entry (UNIQUE constraint)
AASLF: Duplicate entry (UNIQUE constraint)
AASLF: Duplicate entry (UNIQUE constraint)
AASLF: Duplicate entry (UNIQUE constraint)
AASLF: Duplicate entry (UNIQUE constraint)
AASLF: Duplicate entry (UNIQUE constraint)
AASLF: Duplicate entry (UNIQUE constraint)
AASLF: Duplicate entry (UNIQUE constraint)
AASLF: Duplicate entry (UNIQUE constraint)
AASLF: Duplicate entry (UNIQUE constraint)
AASLF: Duplicate entry (UNIQUE constraint)
AAPB: Missing 'Adj Close' column
AAIRF: Missing 'Adj Close' column
AAVXF: Missing 'Adj Close' column
ABDXF: Missing 'Adj Close' column
AAGC: Missing 'Adj Close' column
AAPL: Missing 'Adj Close' column
AADR: Missing 'Adj Close' column
AATRL: Duplicate entry (UNIQUE constraint)
AATRL: Duplicate entry (UNIQUE constraint)
AATRL: Duplicate entry (UNIQUE constraint)
AATRL: Duplicate entry (UNIQUE constraint)
AATRL: Duplicate entry (UNIQUE constraint)
AATRL: Duplicate entry (UNIQUE constraint)
AATRL: Duplicate entry (UNIQUE constraint)
AATRL: Duplicate entry (UNIQUE constraint)
AATRL: Duplicate entry (UNIQUE constraint)
AATRL: Duplicate entry (UNIQUE constraint)
AATRL: Duplicate entry (UNIQUE constraint)
AATRL: Duplicate entry (UNIQUE constraint)
AATRL: Duplicate entry (UNIQUE constraint)
AATRL: Duplicate entry (UNIQUE constraint)
AATRL: Duplicate entry (UNIQUE constraint)
AATRL: Duplicate entry (UNIQUE constraint)
AATRL: Duplicate entry (UNIQUE constraint)
AATRL: Duplicate entry (UNIQUE constraint)
AATRL: Duplicate entry (UNIQUE constraint)
AATRL: Duplicate entry (UNIQUE constraint)
